#
# There is insufficient memory for the Java Runtime Environment to continue.
# Native memory allocation (malloc) failed to allocate 65552 bytes. Error detail: Chunk::new
# Possible reasons:
#   The system is out of physical RAM or swap space
#   This process is running with CompressedOops enabled, and the Java Heap may be blocking the growth of the native heap
# Possible solutions:
#   Reduce memory load on the system
#   Increase physical memory or swap space
#   Check if swap backing store is full
#   Decrease Java heap size (-Xmx/-Xms)
#   Decrease number of Java threads
#   Decrease Java thread stack sizes (-Xss)
#   Set larger code cache with -XX:ReservedCodeCacheSize=
#   JVM is running with Unscaled Compressed Oops mode in which the Java heap is
#     placed in the first 4GB address space. The Java Heap base address is the
#     maximum limit for the native heap growth. Please use -XX:HeapBaseMinAddress
#     to set the Java Heap base and to place the Java Heap above 4GB virtual address.
# This output file may be truncated or incomplete.
#
#  Out of Memory Error (arena.cpp:168), pid=12120, tid=10436
#
# JRE version: OpenJDK Runtime Environment (21.0.6) (build 21.0.6+-13368085-b895.109)
# Java VM: OpenJDK 64-Bit Server VM (21.0.6+-13368085-b895.109, mixed mode, tiered, compressed oops, compressed class ptrs, g1 gc, windows-amd64)
# No core dump will be written. Minidumps are not enabled by default on client versions of Windows
#

---------------  S U M M A R Y ------------

Command Line: org.jetbrains.kotlin.cli.jvm.K2JVMCompiler @D:\NjWIFIConnect\app\build\20250616_18382720216817534223.compiler.options

Host: Intel(R) Core(TM) i5-7200U CPU @ 2.50GHz, 4 cores, 7G,  Windows 10 , 64 bit Build 19041 (10.0.19041.3636)
Time: Mon Jun 16 15:00:45 2025 E. Africa Standard Time elapsed time: 30.860656 seconds (0d 0h 0m 30s)

---------------  T H R E A D  ---------------

Current thread (0x0000021cceab6100):  JavaThread "C2 CompilerThread0" daemon [_thread_in_native, id=10436, stack(0x0000008e36600000,0x0000008e36700000) (1024K)]


Current CompileTask:
C2:30860 19093 %     4       org.jetbrains.kotlin.codegen.inline.InlineScopesGeneratorKt::getLabelToIndexMap @ 47 (236 bytes)

Stack: [0x0000008e36600000,0x0000008e36700000]
Native frames: (J=compiled Java code, j=interpreted, Vv=VM code, C=native code)
V  [jvm.dll+0x6d0639]
V  [jvm.dll+0x85eb03]
V  [jvm.dll+0x86105e]
V  [jvm.dll+0x861743]
V  [jvm.dll+0x27e6e6]
V  [jvm.dll+0xbff6d]
V  [jvm.dll+0xc04a3]
V  [jvm.dll+0xc0095]
V  [jvm.dll+0x726d9c]
V  [jvm.dll+0x604c37]
V  [jvm.dll+0x750afa]
V  [jvm.dll+0x74fac4]
V  [jvm.dll+0x610bd5]
V  [jvm.dll+0x61095b]
V  [jvm.dll+0x5fab18]
V  [jvm.dll+0x250d92]
V  [jvm.dll+0x24958d]
V  [jvm.dll+0x24714e]
V  [jvm.dll+0x1c5f04]
V  [jvm.dll+0x2569ac]
V  [jvm.dll+0x254ef6]
V  [jvm.dll+0x3f0e96]
V  [jvm.dll+0x806ed8]
V  [jvm.dll+0x6cef0d]
C  [ucrtbase.dll+0x21bb2]
C  [KERNEL32.DLL+0x17344]
C  [ntdll.dll+0x4cc91]


---------------  P R O C E S S  ---------------

Threads class SMR info:
_java_thread_list=0x0000021cd9d131c0, length=12, elements={
0x0000021cb58ee710, 0x0000021ccea8b560, 0x0000021ccea8d480, 0x0000021cceaab260,
0x0000021cceaabcb0, 0x0000021cceaac700, 0x0000021cceaad760, 0x0000021cceab6100,
0x0000021ccead6fb0, 0x0000021ccec78820, 0x0000021ccec836c0, 0x0000021cdb44a2a0
}

Java Threads: ( => current thread )
  0x0000021cb58ee710 JavaThread "main"                              [_thread_in_vm, id=15212, stack(0x0000008e35800000,0x0000008e35900000) (1024K)]
  0x0000021ccea8b560 JavaThread "Reference Handler"          daemon [_thread_blocked, id=16792, stack(0x0000008e36000000,0x0000008e36100000) (1024K)]
  0x0000021ccea8d480 JavaThread "Finalizer"                  daemon [_thread_blocked, id=16496, stack(0x0000008e36100000,0x0000008e36200000) (1024K)]
  0x0000021cceaab260 JavaThread "Signal Dispatcher"          daemon [_thread_blocked, id=4668, stack(0x0000008e36200000,0x0000008e36300000) (1024K)]
  0x0000021cceaabcb0 JavaThread "Attach Listener"            daemon [_thread_blocked, id=16540, stack(0x0000008e36300000,0x0000008e36400000) (1024K)]
  0x0000021cceaac700 JavaThread "Service Thread"             daemon [_thread_blocked, id=13808, stack(0x0000008e36400000,0x0000008e36500000) (1024K)]
  0x0000021cceaad760 JavaThread "Monitor Deflation Thread"   daemon [_thread_blocked, id=12324, stack(0x0000008e36500000,0x0000008e36600000) (1024K)]
=>0x0000021cceab6100 JavaThread "C2 CompilerThread0"         daemon [_thread_in_native, id=10436, stack(0x0000008e36600000,0x0000008e36700000) (1024K)]
  0x0000021ccead6fb0 JavaThread "C1 CompilerThread0"         daemon [_thread_blocked, id=2404, stack(0x0000008e36700000,0x0000008e36800000) (1024K)]
  0x0000021ccec78820 JavaThread "Notification Thread"        daemon [_thread_blocked, id=16492, stack(0x0000008e36800000,0x0000008e36900000) (1024K)]
  0x0000021ccec836c0 JavaThread "Common-Cleaner"             daemon [_thread_blocked, id=14788, stack(0x0000008e36900000,0x0000008e36a00000) (1024K)]
  0x0000021cdb44a2a0 JavaThread "C2 CompilerThread1"         daemon [_thread_in_native, id=18588, stack(0x0000008e36a00000,0x0000008e36b00000) (1024K)]
Total: 12

Other Threads:
  0x0000021cce9052c0 VMThread "VM Thread"                           [id=10344, stack(0x0000008e35f00000,0x0000008e36000000) (1024K)]
  0x0000021cce870520 WatcherThread "VM Periodic Task Thread"        [id=15208, stack(0x0000008e35e00000,0x0000008e35f00000) (1024K)]
  0x0000021cb7b41b70 WorkerThread "GC Thread#0"                     [id=5176, stack(0x0000008e35900000,0x0000008e35a00000) (1024K)]
  0x0000021cd32df7a0 WorkerThread "GC Thread#1"                     [id=6528, stack(0x0000008e36b00000,0x0000008e36c00000) (1024K)]
  0x0000021cd32e03a0 WorkerThread "GC Thread#2"                     [id=872, stack(0x0000008e36c00000,0x0000008e36d00000) (1024K)]
  0x0000021cd33b14f0 WorkerThread "GC Thread#3"                     [id=8232, stack(0x0000008e36d00000,0x0000008e36e00000) (1024K)]
  0x0000021cb7b52810 ConcurrentGCThread "G1 Main Marker"            [id=7848, stack(0x0000008e35a00000,0x0000008e35b00000) (1024K)]
  0x0000021cb7b539d0 WorkerThread "G1 Conc#0"                       [id=12688, stack(0x0000008e35b00000,0x0000008e35c00000) (1024K)]
  0x0000021cce7320c0 ConcurrentGCThread "G1 Refine#0"               [id=10036, stack(0x0000008e35c00000,0x0000008e35d00000) (1024K)]
  0x0000021cce732b40 ConcurrentGCThread "G1 Service"                [id=9040, stack(0x0000008e35d00000,0x0000008e35e00000) (1024K)]
Total: 10

Threads with active compile tasks:
C2 CompilerThread0  30939 19093 %     4       org.jetbrains.kotlin.codegen.inline.InlineScopesGeneratorKt::getLabelToIndexMap @ 47 (236 bytes)
C2 CompilerThread1  30939 19116 %     4       org.jetbrains.kotlin.codegen.optimization.temporaryVals.TemporaryVariablesEliminationTransformer::transform @ 71 (190 bytes)
Total: 2

VM state: not at safepoint (normal execution)

VM Mutex/Monitor currently owned by a thread: None

Heap address: 0x0000000081e00000, size: 2018 MB, Compressed Oops mode: 32-bit

CDS archive(s) not mapped
Compressed class space mapped at: 0x0000000100000000-0x0000000140000000, reserved size: 1073741824
Narrow klass base: 0x0000000000000000, Narrow klass shift: 3, Narrow klass range: 0x140000000

GC Precious Log:
 CardTable entry size: 512
 Card Set container configuration: InlinePtr #cards 5 size 8 Array Of Cards #cards 12 size 40 Howl #buckets 4 coarsen threshold 1843 Howl Bitmap #cards 512 size 80 coarsen threshold 460 Card regions per heap region 1 cards per card region 2048
 CPUs: 4 total, 4 available
 Memory: 8067M
 Large Page Support: Disabled
 NUMA Support: Disabled
 Compressed Oops: Enabled (32-bit)
 Heap Region Size: 1M
 Heap Min Capacity: 8M
 Heap Initial Capacity: 128M
 Heap Max Capacity: 2018M
 Pre-touch: Disabled
 Parallel Workers: 4
 Concurrent Workers: 1
 Concurrent Refinement Workers: 4
 Periodic GC: Disabled

Heap:
 garbage-first heap   total 224256K, used 149621K [0x0000000081e00000, 0x0000000100000000)
  region size 1024K, 24 young (24576K), 7 survivors (7168K)
 Metaspace       used 96746K, committed 97152K, reserved 1179648K
  class space    used 9702K, committed 9856K, reserved 1048576K

Heap Regions: E=young(eden), S=young(survivor), O=old, HS=humongous(starts), HC=humongous(continues), CS=collection set, F=free, TAMS=top-at-mark-start, PB=parsable bottom
|   0|0x0000000081e00000, 0x0000000081f00000, 0x0000000081f00000|100%|HS|  |TAMS 0x0000000081e00000| PB 0x0000000081e00000| Complete 
|   1|0x0000000081f00000, 0x0000000082000000, 0x0000000082000000|100%|HC|  |TAMS 0x0000000081f00000| PB 0x0000000081f00000| Complete 
|   2|0x0000000082000000, 0x0000000082100000, 0x0000000082100000|100%|HC|  |TAMS 0x0000000082000000| PB 0x0000000082000000| Complete 
|   3|0x0000000082100000, 0x0000000082200000, 0x0000000082200000|100%| O|  |TAMS 0x0000000082100000| PB 0x0000000082100000| Untracked 
|   4|0x0000000082200000, 0x0000000082300000, 0x0000000082300000|100%| O|  |TAMS 0x0000000082200000| PB 0x0000000082200000| Untracked 
|   5|0x0000000082300000, 0x0000000082400000, 0x0000000082400000|100%| O|  |TAMS 0x0000000082300000| PB 0x0000000082300000| Untracked 
|   6|0x0000000082400000, 0x0000000082500000, 0x0000000082500000|100%| O|  |TAMS 0x0000000082400000| PB 0x0000000082400000| Untracked 
|   7|0x0000000082500000, 0x0000000082600000, 0x0000000082600000|100%| O|  |TAMS 0x0000000082500000| PB 0x0000000082500000| Untracked 
|   8|0x0000000082600000, 0x0000000082700000, 0x0000000082700000|100%| O|  |TAMS 0x0000000082600000| PB 0x0000000082600000| Untracked 
|   9|0x0000000082700000, 0x0000000082800000, 0x0000000082800000|100%| O|  |TAMS 0x0000000082700000| PB 0x0000000082700000| Untracked 
|  10|0x0000000082800000, 0x0000000082900000, 0x0000000082900000|100%| O|  |TAMS 0x0000000082800000| PB 0x0000000082800000| Untracked 
|  11|0x0000000082900000, 0x0000000082a00000, 0x0000000082a00000|100%| O|  |TAMS 0x0000000082900000| PB 0x0000000082900000| Untracked 
|  12|0x0000000082a00000, 0x0000000082b00000, 0x0000000082b00000|100%| O|  |TAMS 0x0000000082a00000| PB 0x0000000082a00000| Untracked 
|  13|0x0000000082b00000, 0x0000000082c00000, 0x0000000082c00000|100%| O|  |TAMS 0x0000000082b00000| PB 0x0000000082b00000| Untracked 
|  14|0x0000000082c00000, 0x0000000082d00000, 0x0000000082d00000|100%| O|  |TAMS 0x0000000082c00000| PB 0x0000000082c00000| Untracked 
|  15|0x0000000082d00000, 0x0000000082e00000, 0x0000000082e00000|100%| O|  |TAMS 0x0000000082d00000| PB 0x0000000082d00000| Untracked 
|  16|0x0000000082e00000, 0x0000000082f00000, 0x0000000082f00000|100%| O|  |TAMS 0x0000000082e00000| PB 0x0000000082e00000| Untracked 
|  17|0x0000000082f00000, 0x0000000083000000, 0x0000000083000000|100%| O|  |TAMS 0x0000000082f00000| PB 0x0000000082f00000| Untracked 
|  18|0x0000000083000000, 0x0000000083100000, 0x0000000083100000|100%| O|  |TAMS 0x0000000083000000| PB 0x0000000083000000| Untracked 
|  19|0x0000000083100000, 0x0000000083200000, 0x0000000083200000|100%| O|  |TAMS 0x0000000083100000| PB 0x0000000083100000| Untracked 
|  20|0x0000000083200000, 0x0000000083300000, 0x0000000083300000|100%| O|  |TAMS 0x0000000083200000| PB 0x0000000083200000| Untracked 
|  21|0x0000000083300000, 0x0000000083400000, 0x0000000083400000|100%| O|  |TAMS 0x0000000083300000| PB 0x0000000083300000| Untracked 
|  22|0x0000000083400000, 0x0000000083500000, 0x0000000083500000|100%| O|  |TAMS 0x0000000083400000| PB 0x0000000083400000| Untracked 
|  23|0x0000000083500000, 0x0000000083600000, 0x0000000083600000|100%| O|  |TAMS 0x0000000083500000| PB 0x0000000083500000| Untracked 
|  24|0x0000000083600000, 0x0000000083700000, 0x0000000083700000|100%| O|  |TAMS 0x0000000083600000| PB 0x0000000083600000| Untracked 
|  25|0x0000000083700000, 0x0000000083800000, 0x0000000083800000|100%| O|  |TAMS 0x0000000083700000| PB 0x0000000083700000| Untracked 
|  26|0x0000000083800000, 0x0000000083900000, 0x0000000083900000|100%| O|  |TAMS 0x0000000083800000| PB 0x0000000083800000| Untracked 
|  27|0x0000000083900000, 0x0000000083a00000, 0x0000000083a00000|100%| O|  |TAMS 0x0000000083900000| PB 0x0000000083900000| Untracked 
|  28|0x0000000083a00000, 0x0000000083b00000, 0x0000000083b00000|100%| O|  |TAMS 0x0000000083a00000| PB 0x0000000083a00000| Untracked 
|  29|0x0000000083b00000, 0x0000000083c00000, 0x0000000083c00000|100%| O|  |TAMS 0x0000000083b00000| PB 0x0000000083b00000| Untracked 
|  30|0x0000000083c00000, 0x0000000083d00000, 0x0000000083d00000|100%| O|  |TAMS 0x0000000083c00000| PB 0x0000000083c00000| Untracked 
|  31|0x0000000083d00000, 0x0000000083e00000, 0x0000000083e00000|100%| O|  |TAMS 0x0000000083d00000| PB 0x0000000083d00000| Untracked 
|  32|0x0000000083e00000, 0x0000000083f00000, 0x0000000083f00000|100%| O|  |TAMS 0x0000000083e00000| PB 0x0000000083e00000| Untracked 
|  33|0x0000000083f00000, 0x0000000084000000, 0x0000000084000000|100%| O|  |TAMS 0x0000000083f00000| PB 0x0000000083f00000| Untracked 
|  34|0x0000000084000000, 0x0000000084100000, 0x0000000084100000|100%| O|  |TAMS 0x0000000084000000| PB 0x0000000084000000| Untracked 
|  35|0x0000000084100000, 0x0000000084200000, 0x0000000084200000|100%| O|Cm|TAMS 0x0000000084100000| PB 0x0000000084100000| Complete 
|  36|0x0000000084200000, 0x0000000084300000, 0x0000000084300000|100%| O|  |TAMS 0x0000000084200000| PB 0x0000000084200000| Untracked 
|  37|0x0000000084300000, 0x0000000084400000, 0x0000000084400000|100%| O|  |TAMS 0x0000000084300000| PB 0x0000000084300000| Untracked 
|  38|0x0000000084400000, 0x0000000084500000, 0x0000000084500000|100%| O|  |TAMS 0x0000000084400000| PB 0x0000000084400000| Untracked 
|  39|0x0000000084500000, 0x0000000084600000, 0x0000000084600000|100%| O|  |TAMS 0x0000000084500000| PB 0x0000000084500000| Untracked 
|  40|0x0000000084600000, 0x0000000084700000, 0x0000000084700000|100%| O|  |TAMS 0x0000000084600000| PB 0x0000000084600000| Untracked 
|  41|0x0000000084700000, 0x0000000084800000, 0x0000000084800000|100%| O|  |TAMS 0x0000000084700000| PB 0x0000000084700000| Untracked 
|  42|0x0000000084800000, 0x0000000084900000, 0x0000000084900000|100%| O|  |TAMS 0x0000000084800000| PB 0x0000000084800000| Untracked 
|  43|0x0000000084900000, 0x0000000084a00000, 0x0000000084a00000|100%| O|  |TAMS 0x0000000084900000| PB 0x0000000084900000| Untracked 
|  44|0x0000000084a00000, 0x0000000084b00000, 0x0000000084b00000|100%| O|  |TAMS 0x0000000084a00000| PB 0x0000000084a00000| Untracked 
|  45|0x0000000084b00000, 0x0000000084c00000, 0x0000000084c00000|100%| O|  |TAMS 0x0000000084b00000| PB 0x0000000084b00000| Untracked 
|  46|0x0000000084c00000, 0x0000000084d00000, 0x0000000084d00000|100%| O|  |TAMS 0x0000000084c00000| PB 0x0000000084c00000| Untracked 
|  47|0x0000000084d00000, 0x0000000084e00000, 0x0000000084e00000|100%| O|  |TAMS 0x0000000084d00000| PB 0x0000000084d00000| Untracked 
|  48|0x0000000084e00000, 0x0000000084f00000, 0x0000000084f00000|100%| O|  |TAMS 0x0000000084e00000| PB 0x0000000084e00000| Untracked 
|  49|0x0000000084f00000, 0x0000000085000000, 0x0000000085000000|100%| O|  |TAMS 0x0000000084f00000| PB 0x0000000084f00000| Untracked 
|  50|0x0000000085000000, 0x0000000085100000, 0x0000000085100000|100%| O|  |TAMS 0x0000000085000000| PB 0x0000000085000000| Untracked 
|  51|0x0000000085100000, 0x0000000085200000, 0x0000000085200000|100%| O|  |TAMS 0x0000000085100000| PB 0x0000000085100000| Untracked 
|  52|0x0000000085200000, 0x0000000085300000, 0x0000000085300000|100%| O|  |TAMS 0x0000000085200000| PB 0x0000000085200000| Untracked 
|  53|0x0000000085300000, 0x0000000085400000, 0x0000000085400000|100%| O|  |TAMS 0x0000000085300000| PB 0x0000000085300000| Untracked 
|  54|0x0000000085400000, 0x0000000085500000, 0x0000000085500000|100%| O|  |TAMS 0x0000000085400000| PB 0x0000000085400000| Untracked 
|  55|0x0000000085500000, 0x0000000085600000, 0x0000000085600000|100%| O|  |TAMS 0x0000000085500000| PB 0x0000000085500000| Untracked 
|  56|0x0000000085600000, 0x0000000085700000, 0x0000000085700000|100%| O|  |TAMS 0x0000000085600000| PB 0x0000000085600000| Untracked 
|  57|0x0000000085700000, 0x0000000085800000, 0x0000000085800000|100%| O|  |TAMS 0x0000000085700000| PB 0x0000000085700000| Untracked 
|  58|0x0000000085800000, 0x0000000085900000, 0x0000000085900000|100%| O|  |TAMS 0x0000000085800000| PB 0x0000000085800000| Untracked 
|  59|0x0000000085900000, 0x0000000085a00000, 0x0000000085a00000|100%| O|  |TAMS 0x0000000085900000| PB 0x0000000085900000| Untracked 
|  60|0x0000000085a00000, 0x0000000085b00000, 0x0000000085b00000|100%| O|  |TAMS 0x0000000085a00000| PB 0x0000000085a00000| Untracked 
|  61|0x0000000085b00000, 0x0000000085c00000, 0x0000000085c00000|100%| O|  |TAMS 0x0000000085b00000| PB 0x0000000085b00000| Untracked 
|  62|0x0000000085c00000, 0x0000000085d00000, 0x0000000085d00000|100%| O|  |TAMS 0x0000000085c00000| PB 0x0000000085c00000| Untracked 
|  63|0x0000000085d00000, 0x0000000085e00000, 0x0000000085e00000|100%| O|  |TAMS 0x0000000085d00000| PB 0x0000000085d00000| Untracked 
|  64|0x0000000085e00000, 0x0000000085f00000, 0x0000000085f00000|100%| O|  |TAMS 0x0000000085e00000| PB 0x0000000085e00000| Untracked 
|  65|0x0000000085f00000, 0x0000000086000000, 0x0000000086000000|100%| O|  |TAMS 0x0000000085f00000| PB 0x0000000085f00000| Untracked 
|  66|0x0000000086000000, 0x0000000086100000, 0x0000000086100000|100%| O|  |TAMS 0x0000000086000000| PB 0x0000000086000000| Untracked 
|  67|0x0000000086100000, 0x0000000086200000, 0x0000000086200000|100%| O|  |TAMS 0x0000000086100000| PB 0x0000000086100000| Untracked 
|  68|0x0000000086200000, 0x0000000086300000, 0x0000000086300000|100%| O|  |TAMS 0x0000000086200000| PB 0x0000000086200000| Untracked 
|  69|0x0000000086300000, 0x0000000086400000, 0x0000000086400000|100%| O|  |TAMS 0x0000000086300000| PB 0x0000000086300000| Untracked 
|  70|0x0000000086400000, 0x0000000086500000, 0x0000000086500000|100%| O|  |TAMS 0x0000000086400000| PB 0x0000000086400000| Untracked 
|  71|0x0000000086500000, 0x0000000086600000, 0x0000000086600000|100%| O|  |TAMS 0x0000000086500000| PB 0x0000000086500000| Untracked 
|  72|0x0000000086600000, 0x0000000086700000, 0x0000000086700000|100%| O|  |TAMS 0x0000000086600000| PB 0x0000000086600000| Untracked 
|  73|0x0000000086700000, 0x0000000086800000, 0x0000000086800000|100%| O|  |TAMS 0x0000000086700000| PB 0x0000000086700000| Untracked 
|  74|0x0000000086800000, 0x0000000086900000, 0x0000000086900000|100%| O|  |TAMS 0x0000000086800000| PB 0x0000000086800000| Untracked 
|  75|0x0000000086900000, 0x0000000086a00000, 0x0000000086a00000|100%| O|  |TAMS 0x0000000086900000| PB 0x0000000086900000| Untracked 
|  76|0x0000000086a00000, 0x0000000086b00000, 0x0000000086b00000|100%| O|  |TAMS 0x0000000086a00000| PB 0x0000000086a00000| Untracked 
|  77|0x0000000086b00000, 0x0000000086c00000, 0x0000000086c00000|100%| O|  |TAMS 0x0000000086b00000| PB 0x0000000086b00000| Untracked 
|  78|0x0000000086c00000, 0x0000000086d00000, 0x0000000086d00000|100%| O|  |TAMS 0x0000000086c00000| PB 0x0000000086c00000| Untracked 
|  79|0x0000000086d00000, 0x0000000086e00000, 0x0000000086e00000|100%| O|  |TAMS 0x0000000086d00000| PB 0x0000000086d00000| Untracked 
|  80|0x0000000086e00000, 0x0000000086f00000, 0x0000000086f00000|100%| O|  |TAMS 0x0000000086e00000| PB 0x0000000086e00000| Untracked 
|  81|0x0000000086f00000, 0x0000000087000000, 0x0000000087000000|100%| O|  |TAMS 0x0000000086f00000| PB 0x0000000086f00000| Untracked 
|  82|0x0000000087000000, 0x0000000087100000, 0x0000000087100000|100%| O|  |TAMS 0x0000000087000000| PB 0x0000000087000000| Untracked 
|  83|0x0000000087100000, 0x0000000087200000, 0x0000000087200000|100%| O|  |TAMS 0x0000000087100000| PB 0x0000000087100000| Untracked 
|  84|0x0000000087200000, 0x0000000087300000, 0x0000000087300000|100%| O|  |TAMS 0x0000000087200000| PB 0x0000000087200000| Untracked 
|  85|0x0000000087300000, 0x0000000087400000, 0x0000000087400000|100%| O|  |TAMS 0x0000000087300000| PB 0x0000000087300000| Untracked 
|  86|0x0000000087400000, 0x0000000087500000, 0x0000000087500000|100%| O|  |TAMS 0x0000000087400000| PB 0x0000000087400000| Untracked 
|  87|0x0000000087500000, 0x0000000087600000, 0x0000000087600000|100%| O|  |TAMS 0x0000000087500000| PB 0x0000000087500000| Untracked 
|  88|0x0000000087600000, 0x0000000087700000, 0x0000000087700000|100%| O|  |TAMS 0x0000000087600000| PB 0x0000000087600000| Untracked 
|  89|0x0000000087700000, 0x0000000087800000, 0x0000000087800000|100%| O|  |TAMS 0x0000000087700000| PB 0x0000000087700000| Untracked 
|  90|0x0000000087800000, 0x0000000087900000, 0x0000000087900000|100%| O|  |TAMS 0x0000000087800000| PB 0x0000000087800000| Untracked 
|  91|0x0000000087900000, 0x0000000087a00000, 0x0000000087a00000|100%| O|  |TAMS 0x0000000087900000| PB 0x0000000087900000| Untracked 
|  92|0x0000000087a00000, 0x0000000087b00000, 0x0000000087b00000|100%| O|  |TAMS 0x0000000087a00000| PB 0x0000000087a00000| Untracked 
|  93|0x0000000087b00000, 0x0000000087c00000, 0x0000000087c00000|100%| O|  |TAMS 0x0000000087b00000| PB 0x0000000087b00000| Untracked 
|  94|0x0000000087c00000, 0x0000000087d00000, 0x0000000087d00000|100%| O|  |TAMS 0x0000000087c00000| PB 0x0000000087c00000| Untracked 
|  95|0x0000000087d00000, 0x0000000087e00000, 0x0000000087e00000|100%| O|  |TAMS 0x0000000087d00000| PB 0x0000000087d00000| Untracked 
|  96|0x0000000087e00000, 0x0000000087f00000, 0x0000000087f00000|100%| O|  |TAMS 0x0000000087e00000| PB 0x0000000087e00000| Untracked 
|  97|0x0000000087f00000, 0x0000000088000000, 0x0000000088000000|100%| O|  |TAMS 0x0000000087f00000| PB 0x0000000087f00000| Untracked 
|  98|0x0000000088000000, 0x0000000088100000, 0x0000000088100000|100%| O|  |TAMS 0x0000000088000000| PB 0x0000000088000000| Untracked 
|  99|0x0000000088100000, 0x0000000088200000, 0x0000000088200000|100%| O|  |TAMS 0x0000000088100000| PB 0x0000000088100000| Untracked 
| 100|0x0000000088200000, 0x0000000088300000, 0x0000000088300000|100%| O|  |TAMS 0x0000000088200000| PB 0x0000000088200000| Untracked 
| 101|0x0000000088300000, 0x0000000088400000, 0x0000000088400000|100%| O|  |TAMS 0x0000000088300000| PB 0x0000000088300000| Untracked 
| 102|0x0000000088400000, 0x0000000088500000, 0x0000000088500000|100%| O|  |TAMS 0x0000000088400000| PB 0x0000000088400000| Untracked 
| 103|0x0000000088500000, 0x0000000088600000, 0x0000000088600000|100%| O|  |TAMS 0x0000000088500000| PB 0x0000000088500000| Untracked 
| 104|0x0000000088600000, 0x0000000088700000, 0x0000000088700000|100%| O|  |TAMS 0x0000000088600000| PB 0x0000000088600000| Untracked 
| 105|0x0000000088700000, 0x0000000088800000, 0x0000000088800000|100%| O|  |TAMS 0x0000000088700000| PB 0x0000000088700000| Untracked 
| 106|0x0000000088800000, 0x0000000088900000, 0x0000000088900000|100%| O|  |TAMS 0x0000000088800000| PB 0x0000000088800000| Untracked 
| 107|0x0000000088900000, 0x0000000088a00000, 0x0000000088a00000|100%| O|  |TAMS 0x0000000088900000| PB 0x0000000088900000| Untracked 
| 108|0x0000000088a00000, 0x0000000088b00000, 0x0000000088b00000|100%| O|  |TAMS 0x0000000088a00000| PB 0x0000000088a00000| Untracked 
| 109|0x0000000088b00000, 0x0000000088c00000, 0x0000000088c00000|100%| O|  |TAMS 0x0000000088b00000| PB 0x0000000088b00000| Untracked 
| 110|0x0000000088c00000, 0x0000000088d00000, 0x0000000088d00000|100%| O|  |TAMS 0x0000000088c00000| PB 0x0000000088c00000| Untracked 
| 111|0x0000000088d00000, 0x0000000088e00000, 0x0000000088e00000|100%| O|  |TAMS 0x0000000088d00000| PB 0x0000000088d00000| Untracked 
| 112|0x0000000088e00000, 0x0000000088f00000, 0x0000000088f00000|100%| O|  |TAMS 0x0000000088e00000| PB 0x0000000088e00000| Untracked 
| 113|0x0000000088f00000, 0x0000000089000000, 0x0000000089000000|100%| O|Cm|TAMS 0x0000000088f00000| PB 0x0000000088f00000| Complete 
| 114|0x0000000089000000, 0x0000000089100000, 0x0000000089100000|100%| O|  |TAMS 0x0000000089000000| PB 0x0000000089000000| Untracked 
| 115|0x0000000089100000, 0x0000000089200000, 0x0000000089200000|100%| O|  |TAMS 0x0000000089100000| PB 0x0000000089100000| Untracked 
| 116|0x0000000089200000, 0x0000000089300000, 0x0000000089300000|100%| O|  |TAMS 0x0000000089200000| PB 0x0000000089200000| Untracked 
| 117|0x0000000089300000, 0x0000000089400000, 0x0000000089400000|100%| O|Cm|TAMS 0x0000000089300000| PB 0x0000000089300000| Complete 
| 118|0x0000000089400000, 0x0000000089500000, 0x0000000089500000|100%| O|  |TAMS 0x0000000089400000| PB 0x0000000089400000| Untracked 
| 119|0x0000000089500000, 0x0000000089600000, 0x0000000089600000|100%| O|  |TAMS 0x0000000089500000| PB 0x0000000089500000| Untracked 
| 120|0x0000000089600000, 0x0000000089700000, 0x0000000089700000|100%| O|  |TAMS 0x0000000089600000| PB 0x0000000089600000| Untracked 
| 121|0x0000000089700000, 0x00000000897649c8, 0x0000000089800000| 39%| O|  |TAMS 0x0000000089700000| PB 0x0000000089700000| Untracked 
| 122|0x0000000089800000, 0x0000000089800000, 0x0000000089900000|  0%| F|  |TAMS 0x0000000089800000| PB 0x0000000089800000| Untracked 
| 123|0x0000000089900000, 0x0000000089900000, 0x0000000089a00000|  0%| F|  |TAMS 0x0000000089900000| PB 0x0000000089900000| Untracked 
| 124|0x0000000089a00000, 0x0000000089a00000, 0x0000000089b00000|  0%| F|  |TAMS 0x0000000089a00000| PB 0x0000000089a00000| Untracked 
| 125|0x0000000089b00000, 0x0000000089b00000, 0x0000000089c00000|  0%| F|  |TAMS 0x0000000089b00000| PB 0x0000000089b00000| Untracked 
| 126|0x0000000089c00000, 0x0000000089c00000, 0x0000000089d00000|  0%| F|  |TAMS 0x0000000089c00000| PB 0x0000000089c00000| Untracked 
| 127|0x0000000089d00000, 0x0000000089d00000, 0x0000000089e00000|  0%| F|  |TAMS 0x0000000089d00000| PB 0x0000000089d00000| Untracked 
| 128|0x0000000089e00000, 0x0000000089eb8e00, 0x0000000089f00000| 72%| S|CS|TAMS 0x0000000089e00000| PB 0x0000000089e00000| Complete 
| 129|0x0000000089f00000, 0x000000008a000000, 0x000000008a000000|100%| S|CS|TAMS 0x0000000089f00000| PB 0x0000000089f00000| Complete 
| 130|0x000000008a000000, 0x000000008a100000, 0x000000008a100000|100%| S|CS|TAMS 0x000000008a000000| PB 0x000000008a000000| Complete 
| 131|0x000000008a100000, 0x000000008a100000, 0x000000008a200000|  0%| F|  |TAMS 0x000000008a100000| PB 0x000000008a100000| Untracked 
| 132|0x000000008a200000, 0x000000008a300000, 0x000000008a300000|100%| S|CS|TAMS 0x000000008a200000| PB 0x000000008a200000| Complete 
| 133|0x000000008a300000, 0x000000008a400000, 0x000000008a400000|100%| S|CS|TAMS 0x000000008a300000| PB 0x000000008a300000| Complete 
| 134|0x000000008a400000, 0x000000008a500000, 0x000000008a500000|100%| S|CS|TAMS 0x000000008a400000| PB 0x000000008a400000| Complete 
| 135|0x000000008a500000, 0x000000008a600000, 0x000000008a600000|100%| S|CS|TAMS 0x000000008a500000| PB 0x000000008a500000| Complete 
| 136|0x000000008a600000, 0x000000008a600000, 0x000000008a700000|  0%| F|  |TAMS 0x000000008a600000| PB 0x000000008a600000| Untracked 
| 137|0x000000008a700000, 0x000000008a700000, 0x000000008a800000|  0%| F|  |TAMS 0x000000008a700000| PB 0x000000008a700000| Untracked 
| 138|0x000000008a800000, 0x000000008a800000, 0x000000008a900000|  0%| F|  |TAMS 0x000000008a800000| PB 0x000000008a800000| Untracked 
| 139|0x000000008a900000, 0x000000008a900000, 0x000000008aa00000|  0%| F|  |TAMS 0x000000008a900000| PB 0x000000008a900000| Untracked 
| 140|0x000000008aa00000, 0x000000008aa00000, 0x000000008ab00000|  0%| F|  |TAMS 0x000000008aa00000| PB 0x000000008aa00000| Untracked 
| 141|0x000000008ab00000, 0x000000008ab00000, 0x000000008ac00000|  0%| F|  |TAMS 0x000000008ab00000| PB 0x000000008ab00000| Untracked 
| 142|0x000000008ac00000, 0x000000008ac00000, 0x000000008ad00000|  0%| F|  |TAMS 0x000000008ac00000| PB 0x000000008ac00000| Untracked 
| 143|0x000000008ad00000, 0x000000008ad00000, 0x000000008ae00000|  0%| F|  |TAMS 0x000000008ad00000| PB 0x000000008ad00000| Untracked 
| 144|0x000000008ae00000, 0x000000008ae00000, 0x000000008af00000|  0%| F|  |TAMS 0x000000008ae00000| PB 0x000000008ae00000| Untracked 
| 145|0x000000008af00000, 0x000000008af00000, 0x000000008b000000|  0%| F|  |TAMS 0x000000008af00000| PB 0x000000008af00000| Untracked 
| 146|0x000000008b000000, 0x000000008b000000, 0x000000008b100000|  0%| F|  |TAMS 0x000000008b000000| PB 0x000000008b000000| Untracked 
| 147|0x000000008b100000, 0x000000008b100000, 0x000000008b200000|  0%| F|  |TAMS 0x000000008b100000| PB 0x000000008b100000| Untracked 
| 148|0x000000008b200000, 0x000000008b200000, 0x000000008b300000|  0%| F|  |TAMS 0x000000008b200000| PB 0x000000008b200000| Untracked 
| 149|0x000000008b300000, 0x000000008b300000, 0x000000008b400000|  0%| F|  |TAMS 0x000000008b300000| PB 0x000000008b300000| Untracked 
| 150|0x000000008b400000, 0x000000008b400000, 0x000000008b500000|  0%| F|  |TAMS 0x000000008b400000| PB 0x000000008b400000| Untracked 
| 151|0x000000008b500000, 0x000000008b500000, 0x000000008b600000|  0%| F|  |TAMS 0x000000008b500000| PB 0x000000008b500000| Untracked 
| 152|0x000000008b600000, 0x000000008b600000, 0x000000008b700000|  0%| F|  |TAMS 0x000000008b600000| PB 0x000000008b600000| Untracked 
| 153|0x000000008b700000, 0x000000008b700000, 0x000000008b800000|  0%| F|  |TAMS 0x000000008b700000| PB 0x000000008b700000| Untracked 
| 154|0x000000008b800000, 0x000000008b800000, 0x000000008b900000|  0%| F|  |TAMS 0x000000008b800000| PB 0x000000008b800000| Untracked 
| 155|0x000000008b900000, 0x000000008b900000, 0x000000008ba00000|  0%| F|  |TAMS 0x000000008b900000| PB 0x000000008b900000| Untracked 
| 156|0x000000008ba00000, 0x000000008ba00000, 0x000000008bb00000|  0%| F|  |TAMS 0x000000008ba00000| PB 0x000000008ba00000| Untracked 
| 157|0x000000008bb00000, 0x000000008bb00000, 0x000000008bc00000|  0%| F|  |TAMS 0x000000008bb00000| PB 0x000000008bb00000| Untracked 
| 158|0x000000008bc00000, 0x000000008bc00000, 0x000000008bd00000|  0%| F|  |TAMS 0x000000008bc00000| PB 0x000000008bc00000| Untracked 
| 159|0x000000008bd00000, 0x000000008bd00000, 0x000000008be00000|  0%| F|  |TAMS 0x000000008bd00000| PB 0x000000008bd00000| Untracked 
| 160|0x000000008be00000, 0x000000008be00000, 0x000000008bf00000|  0%| F|  |TAMS 0x000000008be00000| PB 0x000000008be00000| Untracked 
| 161|0x000000008bf00000, 0x000000008bf00000, 0x000000008c000000|  0%| F|  |TAMS 0x000000008bf00000| PB 0x000000008bf00000| Untracked 
| 162|0x000000008c000000, 0x000000008c000000, 0x000000008c100000|  0%| F|  |TAMS 0x000000008c000000| PB 0x000000008c000000| Untracked 
| 163|0x000000008c100000, 0x000000008c100000, 0x000000008c200000|  0%| F|  |TAMS 0x000000008c100000| PB 0x000000008c100000| Untracked 
| 164|0x000000008c200000, 0x000000008c200000, 0x000000008c300000|  0%| F|  |TAMS 0x000000008c200000| PB 0x000000008c200000| Untracked 
| 165|0x000000008c300000, 0x000000008c300000, 0x000000008c400000|  0%| F|  |TAMS 0x000000008c300000| PB 0x000000008c300000| Untracked 
| 166|0x000000008c400000, 0x000000008c400000, 0x000000008c500000|  0%| F|  |TAMS 0x000000008c400000| PB 0x000000008c400000| Untracked 
| 167|0x000000008c500000, 0x000000008c500000, 0x000000008c600000|  0%| F|  |TAMS 0x000000008c500000| PB 0x000000008c500000| Untracked 
| 168|0x000000008c600000, 0x000000008c600000, 0x000000008c700000|  0%| F|  |TAMS 0x000000008c600000| PB 0x000000008c600000| Untracked 
| 169|0x000000008c700000, 0x000000008c700000, 0x000000008c800000|  0%| F|  |TAMS 0x000000008c700000| PB 0x000000008c700000| Untracked 
| 170|0x000000008c800000, 0x000000008c800000, 0x000000008c900000|  0%| F|  |TAMS 0x000000008c800000| PB 0x000000008c800000| Untracked 
| 171|0x000000008c900000, 0x000000008c900000, 0x000000008ca00000|  0%| F|  |TAMS 0x000000008c900000| PB 0x000000008c900000| Untracked 
| 172|0x000000008ca00000, 0x000000008ca00000, 0x000000008cb00000|  0%| F|  |TAMS 0x000000008ca00000| PB 0x000000008ca00000| Untracked 
| 173|0x000000008cb00000, 0x000000008cb00000, 0x000000008cc00000|  0%| F|  |TAMS 0x000000008cb00000| PB 0x000000008cb00000| Untracked 
| 174|0x000000008cc00000, 0x000000008cc00000, 0x000000008cd00000|  0%| F|  |TAMS 0x000000008cc00000| PB 0x000000008cc00000| Untracked 
| 175|0x000000008cd00000, 0x000000008cd00000, 0x000000008ce00000|  0%| F|  |TAMS 0x000000008cd00000| PB 0x000000008cd00000| Untracked 
| 176|0x000000008ce00000, 0x000000008ce00000, 0x000000008cf00000|  0%| F|  |TAMS 0x000000008ce00000| PB 0x000000008ce00000| Untracked 
| 177|0x000000008cf00000, 0x000000008cf00000, 0x000000008d000000|  0%| F|  |TAMS 0x000000008cf00000| PB 0x000000008cf00000| Untracked 
| 178|0x000000008d000000, 0x000000008d000000, 0x000000008d100000|  0%| F|  |TAMS 0x000000008d000000| PB 0x000000008d000000| Untracked 
| 179|0x000000008d100000, 0x000000008d100000, 0x000000008d200000|  0%| F|  |TAMS 0x000000008d100000| PB 0x000000008d100000| Untracked 
| 180|0x000000008d200000, 0x000000008d200000, 0x000000008d300000|  0%| F|  |TAMS 0x000000008d200000| PB 0x000000008d200000| Untracked 
| 181|0x000000008d300000, 0x000000008d300000, 0x000000008d400000|  0%| F|  |TAMS 0x000000008d300000| PB 0x000000008d300000| Untracked 
| 182|0x000000008d400000, 0x000000008d400000, 0x000000008d500000|  0%| F|  |TAMS 0x000000008d400000| PB 0x000000008d400000| Untracked 
| 183|0x000000008d500000, 0x000000008d500000, 0x000000008d600000|  0%| F|  |TAMS 0x000000008d500000| PB 0x000000008d500000| Untracked 
| 184|0x000000008d600000, 0x000000008d600000, 0x000000008d700000|  0%| F|  |TAMS 0x000000008d600000| PB 0x000000008d600000| Untracked 
| 185|0x000000008d700000, 0x000000008d700000, 0x000000008d800000|  0%| F|  |TAMS 0x000000008d700000| PB 0x000000008d700000| Untracked 
| 186|0x000000008d800000, 0x000000008d800000, 0x000000008d900000|  0%| F|  |TAMS 0x000000008d800000| PB 0x000000008d800000| Untracked 
| 187|0x000000008d900000, 0x000000008da00000, 0x000000008da00000|100%| E|CS|TAMS 0x000000008d900000| PB 0x000000008d900000| Complete 
| 188|0x000000008da00000, 0x000000008db00000, 0x000000008db00000|100%| E|CS|TAMS 0x000000008da00000| PB 0x000000008da00000| Complete 
| 189|0x000000008db00000, 0x000000008dc00000, 0x000000008dc00000|100%| E|CS|TAMS 0x000000008db00000| PB 0x000000008db00000| Complete 
| 190|0x000000008dc00000, 0x000000008dd00000, 0x000000008dd00000|100%| E|CS|TAMS 0x000000008dc00000| PB 0x000000008dc00000| Complete 
| 191|0x000000008dd00000, 0x000000008de00000, 0x000000008de00000|100%| E|CS|TAMS 0x000000008dd00000| PB 0x000000008dd00000| Complete 
| 192|0x000000008de00000, 0x000000008df00000, 0x000000008df00000|100%| E|CS|TAMS 0x000000008de00000| PB 0x000000008de00000| Complete 
| 193|0x000000008df00000, 0x000000008e000000, 0x000000008e000000|100%| E|CS|TAMS 0x000000008df00000| PB 0x000000008df00000| Complete 
| 194|0x000000008e000000, 0x000000008e100000, 0x000000008e100000|100%| E|CS|TAMS 0x000000008e000000| PB 0x000000008e000000| Complete 
| 195|0x000000008e100000, 0x000000008e200000, 0x000000008e200000|100%| E|CS|TAMS 0x000000008e100000| PB 0x000000008e100000| Complete 
| 196|0x000000008e200000, 0x000000008e300000, 0x000000008e300000|100%| E|CS|TAMS 0x000000008e200000| PB 0x000000008e200000| Complete 
| 197|0x000000008e300000, 0x000000008e300000, 0x000000008e400000|  0%| F|  |TAMS 0x000000008e300000| PB 0x000000008e300000| Untracked 
| 198|0x000000008e400000, 0x000000008e400000, 0x000000008e500000|  0%| F|  |TAMS 0x000000008e400000| PB 0x000000008e400000| Untracked 
| 199|0x000000008e500000, 0x000000008e500000, 0x000000008e600000|  0%| F|  |TAMS 0x000000008e500000| PB 0x000000008e500000| Untracked 
| 200|0x000000008e600000, 0x000000008e600000, 0x000000008e700000|  0%| F|  |TAMS 0x000000008e600000| PB 0x000000008e600000| Untracked 
| 201|0x000000008e700000, 0x000000008e700000, 0x000000008e800000|  0%| F|  |TAMS 0x000000008e700000| PB 0x000000008e700000| Untracked 
| 202|0x000000008e800000, 0x000000008e800000, 0x000000008e900000|  0%| F|  |TAMS 0x000000008e800000| PB 0x000000008e800000| Untracked 
| 203|0x000000008e900000, 0x000000008e900000, 0x000000008ea00000|  0%| F|  |TAMS 0x000000008e900000| PB 0x000000008e900000| Untracked 
| 204|0x000000008ea00000, 0x000000008ea00000, 0x000000008eb00000|  0%| F|  |TAMS 0x000000008ea00000| PB 0x000000008ea00000| Untracked 
| 205|0x000000008eb00000, 0x000000008eb00000, 0x000000008ec00000|  0%| F|  |TAMS 0x000000008eb00000| PB 0x000000008eb00000| Untracked 
| 206|0x000000008ec00000, 0x000000008ec00000, 0x000000008ed00000|  0%| F|  |TAMS 0x000000008ec00000| PB 0x000000008ec00000| Untracked 
| 207|0x000000008ed00000, 0x000000008ed00000, 0x000000008ee00000|  0%| F|  |TAMS 0x000000008ed00000| PB 0x000000008ed00000| Untracked 
| 208|0x000000008ee00000, 0x000000008ee00000, 0x000000008ef00000|  0%| F|  |TAMS 0x000000008ee00000| PB 0x000000008ee00000| Untracked 
| 209|0x000000008ef00000, 0x000000008ef00000, 0x000000008f000000|  0%| F|  |TAMS 0x000000008ef00000| PB 0x000000008ef00000| Untracked 
| 210|0x000000008f000000, 0x000000008f100000, 0x000000008f100000|100%| E|  |TAMS 0x000000008f000000| PB 0x000000008f000000| Complete 
| 211|0x000000008f100000, 0x000000008f200000, 0x000000008f200000|100%| E|CS|TAMS 0x000000008f100000| PB 0x000000008f100000| Complete 
| 212|0x000000008f200000, 0x000000008f300000, 0x000000008f300000|100%| E|CS|TAMS 0x000000008f200000| PB 0x000000008f200000| Complete 
| 213|0x000000008f300000, 0x000000008f400000, 0x000000008f400000|100%| E|CS|TAMS 0x000000008f300000| PB 0x000000008f300000| Complete 
| 214|0x000000008f400000, 0x000000008f500000, 0x000000008f500000|100%| E|CS|TAMS 0x000000008f400000| PB 0x000000008f400000| Complete 
| 215|0x000000008f500000, 0x000000008f600000, 0x000000008f600000|100%| E|CS|TAMS 0x000000008f500000| PB 0x000000008f500000| Complete 
|2015|0x00000000ffd00000, 0x00000000ffe00000, 0x00000000ffe00000|100%| E|CS|TAMS 0x00000000ffd00000| PB 0x00000000ffd00000| Complete 
|2016|0x00000000ffe00000, 0x00000000fff00000, 0x00000000fff00000|100%| O|  |TAMS 0x00000000ffe00000| PB 0x00000000ffe00000| Untracked 
|2017|0x00000000fff00000, 0x0000000100000000, 0x0000000100000000|100%| O|  |TAMS 0x00000000fff00000| PB 0x00000000fff00000| Untracked 

Card table byte_map: [0x0000021cca050000,0x0000021cca450000] _byte_map_base: 0x0000021cc9c41000

Marking Bits: (CMBitMap*) 0x0000021cb7b42180
 Bits: [0x0000021cca450000, 0x0000021ccc3d8000)

Polling page: 0x0000021cb72c0000

Metaspace:

Usage:
  Non-class:     85.00 MB used.
      Class:      9.48 MB used.
       Both:     94.48 MB used.

Virtual space:
  Non-class space:      128.00 MB reserved,      85.25 MB ( 67%) committed,  2 nodes.
      Class space:        1.00 GB reserved,       9.62 MB ( <1%) committed,  1 nodes.
             Both:        1.12 GB reserved,      94.88 MB (  8%) committed. 

Chunk freelists:
   Non-Class:  10.05 MB
       Class:  6.38 MB
        Both:  16.42 MB

MaxMetaspaceSize: unlimited
CompressedClassSpaceSize: 1.00 GB
Initial GC threshold: 21.00 MB
Current GC threshold: 158.06 MB
CDS: off
 - commit_granule_bytes: 65536.
 - commit_granule_words: 8192.
 - virtual_space_node_default_size: 8388608.
 - enlarge_chunks_in_place: 1.
 - use_allocation_guard: 0.


Internal statistics:

num_allocs_failed_limit: 3.
num_arena_births: 484.
num_arena_deaths: 0.
num_vsnodes_births: 3.
num_vsnodes_deaths: 0.
num_space_committed: 1516.
num_space_uncommitted: 0.
num_chunks_returned_to_freelist: 3.
num_chunks_taken_from_freelist: 3636.
num_chunk_merges: 0.
num_chunk_splits: 2966.
num_chunks_enlarged: 2649.
num_inconsistent_stats: 0.

CodeHeap 'non-profiled nmethods': size=120000Kb used=9474Kb max_used=10409Kb free=110526Kb
 bounds [0x0000021cc2720000, 0x0000021cc3150000, 0x0000021cc9c50000]
CodeHeap 'profiled nmethods': size=120000Kb used=57682Kb max_used=62441Kb free=62317Kb
 bounds [0x0000021cbac50000, 0x0000021cbe950000, 0x0000021cc2180000]
CodeHeap 'non-nmethods': size=5760Kb used=1841Kb max_used=1959Kb free=3918Kb
 bounds [0x0000021cc2180000, 0x0000021cc23f0000, 0x0000021cc2720000]
 total_blobs=16390 nmethods=15553 adapters=737
 compilation: enabled
              stopped_count=0, restarted_count=0
 full_count=0

Compilation events (20 events):
Event: 30.809 Thread 0x0000021cceab6100 nmethod 19087 0x0000021cc2759010 code [0x0000021cc27591a0, 0x0000021cc2759260]
Event: 30.809 Thread 0x0000021cceab6100 19093 %     4       org.jetbrains.kotlin.codegen.inline.InlineScopesGeneratorKt::getLabelToIndexMap @ 47 (236 bytes)
Event: 30.810 Thread 0x0000021ccead6fb0 19097       3       org.jetbrains.kotlin.codegen.inline.InlineCodegenUtilsKt::getReturnType (116 bytes)
Event: 30.811 Thread 0x0000021ccead6fb0 nmethod 19097 0x0000021cbace4e10 code [0x0000021cbace5020, 0x0000021cbace53f0]
Event: 30.811 Thread 0x0000021ccead6fb0 19098       3       org.jetbrains.kotlin.codegen.inline.MethodInliner$PointForExternalFinallyBlocks::<init> (44 bytes)
Event: 30.812 Thread 0x0000021ccead6fb0 nmethod 19098 0x0000021cbb0ab490 code [0x0000021cbb0ab7a0, 0x0000021cbb0ac7a8]
Event: 30.813 Thread 0x0000021cdb44a2a0 nmethod 19084 0x0000021cc2de0310 code [0x0000021cc2de0520, 0x0000021cc2de0b80]
Event: 30.813 Thread 0x0000021cdb44a2a0 19099       4       org.jetbrains.org.objectweb.asm.commons.InstructionAdapter::visitInsn (1783 bytes)
Event: 30.817 Thread 0x0000021ccead6fb0 19101       1       org.jetbrains.kotlin.codegen.optimization.fixStack.LocalVariablesManager$AllocatedHandle::getSavedStackDescriptor (5 bytes)
Event: 30.817 Thread 0x0000021ccead6fb0 nmethod 19101 0x0000021cc2759f10 code [0x0000021cc275a0a0, 0x0000021cc275a168]
Event: 30.825 Thread 0x0000021ccead6fb0 19104       3       org.jetbrains.org.objectweb.asm.tree.analysis.SourceInterpreter::newOperation (129 bytes)
Event: 30.826 Thread 0x0000021ccead6fb0 nmethod 19104 0x0000021cbb043f10 code [0x0000021cbb044160, 0x0000021cbb044dc8]
Event: 30.836 Thread 0x0000021ccead6fb0 19106       3       org.jetbrains.kotlin.backend.jvm.codegen.AnnotationCodegen::access$getAnnotationRetentionMap$cp (4 bytes)
Event: 30.836 Thread 0x0000021ccead6fb0 nmethod 19106 0x0000021cbac50a90 code [0x0000021cbac50c20, 0x0000021cbac50d18]
Event: 30.842 Thread 0x0000021cdb44a2a0 nmethod 19099 0x0000021cc2838890 code [0x0000021cc28397e0, 0x0000021cc283b008]
Event: 30.842 Thread 0x0000021cdb44a2a0 19103       4       org.jetbrains.kotlin.codegen.optimization.common.OptimizationBasicInterpreter::copyOperation (10 bytes)
Event: 30.843 Thread 0x0000021cdb44a2a0 nmethod 19103 0x0000021cc2740610 code [0x0000021cc27407a0, 0x0000021cc27408a0]
Event: 30.843 Thread 0x0000021cdb44a2a0 19105 %     4       org.jetbrains.kotlin.codegen.optimization.common.InstructionLivenessAnalyzer::checkAssertions @ 46 (122 bytes)
Event: 30.851 Thread 0x0000021cdb44a2a0 nmethod 19105% 0x0000021cc27f9010 code [0x0000021cc27f91a0, 0x0000021cc27f9588]
Event: 30.851 Thread 0x0000021cdb44a2a0 19100       4       org.jetbrains.org.objectweb.asm.tree.InsnList::insertBefore (58 bytes)

GC Heap History (20 events):
Event: 14.823 GC heap before
{Heap before GC invocations=29 (full 0):
 garbage-first heap   total 157696K, used 133113K [0x0000000081e00000, 0x0000000100000000)
  region size 1024K, 53 young (54272K), 5 survivors (5120K)
 Metaspace       used 70394K, committed 70720K, reserved 1114112K
  class space    used 7588K, committed 7744K, reserved 1048576K
}
Event: 14.847 GC heap after
{Heap after GC invocations=30 (full 0):
 garbage-first heap   total 157696K, used 93184K [0x0000000081e00000, 0x0000000100000000)
  region size 1024K, 7 young (7168K), 7 survivors (7168K)
 Metaspace       used 70394K, committed 70720K, reserved 1114112K
  class space    used 7588K, committed 7744K, reserved 1048576K
}
Event: 16.062 GC heap before
{Heap before GC invocations=30 (full 0):
 garbage-first heap   total 157696K, used 136192K [0x0000000081e00000, 0x0000000100000000)
  region size 1024K, 49 young (50176K), 7 survivors (7168K)
 Metaspace       used 73928K, committed 74240K, reserved 1179648K
  class space    used 7895K, committed 8000K, reserved 1048576K
}
Event: 16.085 GC heap after
{Heap after GC invocations=31 (full 0):
 garbage-first heap   total 157696K, used 99840K [0x0000000081e00000, 0x0000000100000000)
  region size 1024K, 7 young (7168K), 7 survivors (7168K)
 Metaspace       used 73928K, committed 74240K, reserved 1179648K
  class space    used 7895K, committed 8000K, reserved 1048576K
}
Event: 17.090 GC heap before
{Heap before GC invocations=31 (full 0):
 garbage-first heap   total 157696K, used 138752K [0x0000000081e00000, 0x0000000100000000)
  region size 1024K, 45 young (46080K), 7 survivors (7168K)
 Metaspace       used 77855K, committed 78208K, reserved 1179648K
  class space    used 8226K, committed 8384K, reserved 1048576K
}
Event: 17.112 GC heap after
{Heap after GC invocations=32 (full 0):
 garbage-first heap   total 157696K, used 106496K [0x0000000081e00000, 0x0000000100000000)
  region size 1024K, 6 young (6144K), 6 survivors (6144K)
 Metaspace       used 77855K, committed 78208K, reserved 1179648K
  class space    used 8226K, committed 8384K, reserved 1048576K
}
Event: 18.260 GC heap before
{Heap before GC invocations=33 (full 0):
 garbage-first heap   total 178176K, used 141312K [0x0000000081e00000, 0x0000000100000000)
  region size 1024K, 40 young (40960K), 6 survivors (6144K)
 Metaspace       used 78653K, committed 79040K, reserved 1179648K
  class space    used 8294K, committed 8448K, reserved 1048576K
}
Event: 18.278 GC heap after
{Heap after GC invocations=34 (full 0):
 garbage-first heap   total 178176K, used 115034K [0x0000000081e00000, 0x0000000100000000)
  region size 1024K, 5 young (5120K), 5 survivors (5120K)
 Metaspace       used 78653K, committed 79040K, reserved 1179648K
  class space    used 8294K, committed 8448K, reserved 1048576K
}
Event: 19.424 GC heap before
{Heap before GC invocations=34 (full 0):
 garbage-first heap   total 178176K, used 155994K [0x0000000081e00000, 0x0000000100000000)
  region size 1024K, 45 young (46080K), 5 survivors (5120K)
 Metaspace       used 83310K, committed 83712K, reserved 1179648K
  class space    used 8741K, committed 8896K, reserved 1048576K
}
Event: 19.438 GC heap after
{Heap after GC invocations=35 (full 0):
 garbage-first heap   total 178176K, used 118585K [0x0000000081e00000, 0x0000000100000000)
  region size 1024K, 4 young (4096K), 4 survivors (4096K)
 Metaspace       used 83310K, committed 83712K, reserved 1179648K
  class space    used 8741K, committed 8896K, reserved 1048576K
}
Event: 21.212 GC heap before
{Heap before GC invocations=35 (full 0):
 garbage-first heap   total 178176K, used 158521K [0x0000000081e00000, 0x0000000100000000)
  region size 1024K, 43 young (44032K), 4 survivors (4096K)
 Metaspace       used 89177K, committed 89536K, reserved 1179648K
  class space    used 9194K, committed 9344K, reserved 1048576K
}
Event: 21.224 GC heap after
{Heap after GC invocations=36 (full 0):
 garbage-first heap   total 178176K, used 122819K [0x0000000081e00000, 0x0000000100000000)
  region size 1024K, 4 young (4096K), 4 survivors (4096K)
 Metaspace       used 89177K, committed 89536K, reserved 1179648K
  class space    used 9194K, committed 9344K, reserved 1048576K
}
Event: 23.230 GC heap before
{Heap before GC invocations=37 (full 0):
 garbage-first heap   total 204800K, used 161731K [0x0000000081e00000, 0x0000000100000000)
  region size 1024K, 42 young (43008K), 4 survivors (4096K)
 Metaspace       used 94510K, committed 94976K, reserved 1179648K
  class space    used 9611K, committed 9792K, reserved 1048576K
}
Event: 23.244 GC heap after
{Heap after GC invocations=38 (full 0):
 garbage-first heap   total 204800K, used 125677K [0x0000000081e00000, 0x0000000100000000)
  region size 1024K, 3 young (3072K), 3 survivors (3072K)
 Metaspace       used 94510K, committed 94976K, reserved 1179648K
  class space    used 9611K, committed 9792K, reserved 1048576K
}
Event: 28.041 GC heap before
{Heap before GC invocations=38 (full 0):
 garbage-first heap   total 204800K, used 183021K [0x0000000081e00000, 0x0000000100000000)
  region size 1024K, 59 young (60416K), 3 survivors (3072K)
 Metaspace       used 95686K, committed 96064K, reserved 1179648K
  class space    used 9634K, committed 9792K, reserved 1048576K
}
Event: 28.062 GC heap after
{Heap after GC invocations=39 (full 0):
 garbage-first heap   total 204800K, used 129155K [0x0000000081e00000, 0x0000000100000000)
  region size 1024K, 7 young (7168K), 7 survivors (7168K)
 Metaspace       used 95686K, committed 96064K, reserved 1179648K
  class space    used 9634K, committed 9792K, reserved 1048576K
}
Event: 29.233 GC heap before
{Heap before GC invocations=39 (full 0):
 garbage-first heap   total 204800K, used 184451K [0x0000000081e00000, 0x0000000100000000)
  region size 1024K, 61 young (62464K), 7 survivors (7168K)
 Metaspace       used 96421K, committed 96832K, reserved 1179648K
  class space    used 9682K, committed 9856K, reserved 1048576K
}
Event: 29.243 GC heap after
{Heap after GC invocations=40 (full 0):
 garbage-first heap   total 204800K, used 129368K [0x0000000081e00000, 0x0000000100000000)
  region size 1024K, 6 young (6144K), 6 survivors (6144K)
 Metaspace       used 96421K, committed 96832K, reserved 1179648K
  class space    used 9682K, committed 9856K, reserved 1048576K
}
Event: 29.936 GC heap before
{Heap before GC invocations=40 (full 0):
 garbage-first heap   total 204800K, used 187736K [0x0000000081e00000, 0x0000000100000000)
  region size 1024K, 63 young (64512K), 6 survivors (6144K)
 Metaspace       used 96636K, committed 97024K, reserved 1179648K
  class space    used 9696K, committed 9856K, reserved 1048576K
}
Event: 29.944 GC heap after
{Heap after GC invocations=41 (full 0):
 garbage-first heap   total 204800K, used 133237K [0x0000000081e00000, 0x0000000100000000)
  region size 1024K, 7 young (7168K), 7 survivors (7168K)
 Metaspace       used 96636K, committed 97024K, reserved 1179648K
  class space    used 9696K, committed 9856K, reserved 1048576K
}

Dll operation events (3 events):
Event: 0.012 Loaded shared library D:\Program Files\android stu\jbr\bin\java.dll
Event: 0.022 Loaded shared library D:\Program Files\android stu\jbr\bin\zip.dll
Event: 1.931 Loaded shared library D:\Program Files\android stu\jbr\bin\verify.dll

Deoptimization events (20 events):
Event: 30.248 Thread 0x0000021cb58ee710 DEOPT PACKING pc=0x0000021cbe83bb2d sp=0x0000008e358fcf80
Event: 30.248 Thread 0x0000021cb58ee710 DEOPT UNPACKING pc=0x0000021cc21d4e42 sp=0x0000008e358fc4f8 mode 0
Event: 30.378 Thread 0x0000021cb58ee710 Uncommon trap: trap_request=0xffffff45 fr.pc=0x0000021cc313c434 relative=0x00000000000002f4
Event: 30.378 Thread 0x0000021cb58ee710 Uncommon trap: reason=unstable_if action=reinterpret pc=0x0000021cc313c434 method=org.jetbrains.kotlin.codegen.optimization.fixStack.BasicTypeInterpreter.newOperation(Lorg/jetbrains/org/objectweb/asm/tree/AbstractInsnNode;)Lorg/jetbrains/org/objectweb/asm
Event: 30.378 Thread 0x0000021cb58ee710 DEOPT PACKING pc=0x0000021cc313c434 sp=0x0000008e358fcfd0
Event: 30.378 Thread 0x0000021cb58ee710 DEOPT UNPACKING pc=0x0000021cc21d46a2 sp=0x0000008e358fcf58 mode 2
Event: 30.383 Thread 0x0000021cb58ee710 Uncommon trap: trap_request=0xffffff45 fr.pc=0x0000021cc3146788 relative=0x0000000000000528
Event: 30.383 Thread 0x0000021cb58ee710 Uncommon trap: reason=unstable_if action=reinterpret pc=0x0000021cc3146788 method=org.jetbrains.kotlin.codegen.optimization.common.OptimizationBasicInterpreter.newOperation(Lorg/jetbrains/org/objectweb/asm/tree/AbstractInsnNode;)Lorg/jetbrains/org/objectw
Event: 30.383 Thread 0x0000021cb58ee710 DEOPT PACKING pc=0x0000021cc3146788 sp=0x0000008e358fd000
Event: 30.384 Thread 0x0000021cb58ee710 DEOPT UNPACKING pc=0x0000021cc21d46a2 sp=0x0000008e358fcfb0 mode 2
Event: 30.387 Thread 0x0000021cb58ee710 Uncommon trap: trap_request=0xffffff45 fr.pc=0x0000021cc30f67f8 relative=0x00000000000002f8
Event: 30.387 Thread 0x0000021cb58ee710 Uncommon trap: reason=unstable_if action=reinterpret pc=0x0000021cc30f67f8 method=org.jetbrains.org.objectweb.asm.tree.analysis.SourceInterpreter.newOperation(Lorg/jetbrains/org/objectweb/asm/tree/AbstractInsnNode;)Lorg/jetbrains/org/objectweb/asm/tree/an
Event: 30.387 Thread 0x0000021cb58ee710 DEOPT PACKING pc=0x0000021cc30f67f8 sp=0x0000008e358fd040
Event: 30.387 Thread 0x0000021cb58ee710 DEOPT UNPACKING pc=0x0000021cc21d46a2 sp=0x0000008e358fcf88 mode 2
Event: 30.436 Thread 0x0000021cb58ee710 Uncommon trap: trap_request=0xffffff45 fr.pc=0x0000021cc30f5f78 relative=0x00000000000002f8
Event: 30.436 Thread 0x0000021cb58ee710 Uncommon trap: reason=unstable_if action=reinterpret pc=0x0000021cc30f5f78 method=org.jetbrains.org.objectweb.asm.tree.analysis.SourceInterpreter.newOperation(Lorg/jetbrains/org/objectweb/asm/tree/AbstractInsnNode;)Lorg/jetbrains/org/objectweb/asm/tree/an
Event: 30.436 Thread 0x0000021cb58ee710 DEOPT PACKING pc=0x0000021cc30f5f78 sp=0x0000008e358fcfc0
Event: 30.436 Thread 0x0000021cb58ee710 DEOPT UNPACKING pc=0x0000021cc21d46a2 sp=0x0000008e358fcf80 mode 2
Event: 30.819 Thread 0x0000021cb58ee710 DEOPT PACKING pc=0x0000021cbe824e2e sp=0x0000008e358fb9b0
Event: 30.819 Thread 0x0000021cb58ee710 DEOPT UNPACKING pc=0x0000021cc21d4e42 sp=0x0000008e358faed0 mode 0

Classes loaded (20 events):
Event: 19.974 Loading class sun/security/jca/GetInstance$Instance
Event: 19.974 Loading class sun/security/jca/GetInstance$Instance done
Event: 19.974 Loading class java/security/MessageDigest$Delegate
Event: 19.974 Loading class sun/security/util/MessageDigestSpi2
Event: 19.974 Loading class sun/security/util/MessageDigestSpi2 done
Event: 19.974 Loading class java/security/MessageDigest$Delegate done
Event: 19.974 Loading class java/security/MessageDigest$Delegate$CloneableDelegate
Event: 19.974 Loading class java/security/MessageDigest$Delegate$CloneableDelegate done
Event: 19.974 Loading class sun/security/provider/ByteArrayAccess$LE
Event: 19.975 Loading class sun/security/provider/ByteArrayAccess$LE done
Event: 19.975 Loading class sun/security/provider/ByteArrayAccess
Event: 19.975 Loading class sun/security/provider/ByteArrayAccess done
Event: 19.976 Loading class java/util/Base64
Event: 19.976 Loading class java/util/Base64 done
Event: 19.976 Loading class java/util/Base64$Encoder
Event: 19.976 Loading class java/util/Base64$Encoder done
Event: 22.361 Loading class java/lang/TypeNotPresentException
Event: 22.361 Loading class java/lang/TypeNotPresentException done
Event: 22.668 Loading class java/util/Vector$Itr
Event: 22.668 Loading class java/util/Vector$Itr done

Classes unloaded (0 events):
No events

Classes redefined (0 events):
No events

Internal exceptions (20 events):
Event: 18.978 Thread 0x0000021cb58ee710 Exception <a 'java/lang/NoSuchMethodError'{0x000000008af3f8b8}: 'java.lang.Object java.lang.invoke.DirectMethodHandle$Holder.newInvokeSpecial(java.lang.Object, java.lang.Object, java.lang.Object, java.lang.Object, int, java.lang.Object)'> (0x000000008af3f8b8) 
thrown [s\src\hotspot\share\interpreter\linkResolver.cpp, line 784]
Event: 18.979 Thread 0x0000021cb58ee710 Exception <a 'java/lang/NoSuchMethodError'{0x000000008af43c30}: 'java.lang.Object java.lang.invoke.DirectMethodHandle$Holder.invokeSpecial(java.lang.Object, java.lang.Object, java.lang.Object, java.lang.Object, java.lang.Object, int, java.lang.Object)'> (0x000000008af43c30) 
thrown [s\src\hotspot\share\interpreter\linkResolver.cpp, line 784]
Event: 18.979 Thread 0x0000021cb58ee710 Exception <a 'java/lang/NoSuchMethodError'{0x000000008af47808}: 'java.lang.Object java.lang.invoke.Invokers$Holder.linkToTargetMethod(java.lang.Object, java.lang.Object, java.lang.Object, int, java.lang.Object, java.lang.Object)'> (0x000000008af47808) 
thrown [s\src\hotspot\share\interpreter\linkResolver.cpp, line 784]
Event: 18.980 Thread 0x0000021cb58ee710 Exception <a 'java/lang/NoSuchMethodError'{0x000000008af4b0e0}: 'java.lang.Object java.lang.invoke.DirectMethodHandle$Holder.invokeStatic(java.lang.Object, java.lang.Object, java.lang.Object, java.lang.Object, int, java.lang.Object)'> (0x000000008af4b0e0) 
thrown [s\src\hotspot\share\interpreter\linkResolver.cpp, line 784]
Event: 19.192 Thread 0x0000021cb58ee710 Exception <a 'java/lang/NoSuchMethodError'{0x000000008a20b970}: 'java.lang.Object java.lang.invoke.DirectMethodHandle$Holder.newInvokeSpecial(java.lang.Object, int, java.lang.Object, int)'> (0x000000008a20b970) 
thrown [s\src\hotspot\share\interpreter\linkResolver.cpp, line 784]
Event: 19.708 Thread 0x0000021cb58ee710 Implicit null exception at 0x0000021cc2870e20 to 0x0000021cc287102c
Event: 20.068 Thread 0x0000021cb58ee710 Implicit null exception at 0x0000021cc2e22551 to 0x0000021cc2e22a7c
Event: 20.429 Thread 0x0000021cb58ee710 Implicit null exception at 0x0000021cc2e3aee0 to 0x0000021cc2e3af74
Event: 20.429 Thread 0x0000021cb58ee710 Implicit null exception at 0x0000021cc2dcde60 to 0x0000021cc2dcdf7d
Event: 20.812 Thread 0x0000021cb58ee710 Exception <a 'java/lang/NoSuchMethodError'{0x000000008aad71e8}: 'java.lang.Object java.lang.invoke.DirectMethodHandle$Holder.newInvokeSpecial(java.lang.Object, java.lang.Object, int, java.lang.Object)'> (0x000000008aad71e8) 
thrown [s\src\hotspot\share\interpreter\linkResolver.cpp, line 784]
Event: 20.813 Thread 0x0000021cb58ee710 Exception <a 'java/lang/NoSuchMethodError'{0x000000008aadafe8}: 'java.lang.Object java.lang.invoke.DirectMethodHandle$Holder.invokeSpecial(java.lang.Object, java.lang.Object, java.lang.Object, int, java.lang.Object)'> (0x000000008aadafe8) 
thrown [s\src\hotspot\share\interpreter\linkResolver.cpp, line 784]
Event: 20.813 Thread 0x0000021cb58ee710 Exception <a 'java/lang/NoSuchMethodError'{0x000000008aade9b8}: 'java.lang.Object java.lang.invoke.Invokers$Holder.linkToTargetMethod(java.lang.Object, int, java.lang.Object, java.lang.Object)'> (0x000000008aade9b8) 
thrown [s\src\hotspot\share\interpreter\linkResolver.cpp, line 784]
Event: 22.468 Thread 0x0000021cb58ee710 Exception <a 'java/lang/NoSuchMethodError'{0x000000008d204120}: 'java.lang.Object java.lang.invoke.DirectMethodHandle$Holder.invokeStatic(java.lang.Object, int, int)'> (0x000000008d204120) 
thrown [s\src\hotspot\share\interpreter\linkResolver.cpp, line 784]
Event: 22.621 Thread 0x0000021cb58ee710 Exception <a 'java/lang/NoSuchMethodError'{0x000000008cf692f0}: 'java.lang.Object java.lang.invoke.DirectMethodHandle$Holder.newInvokeSpecial(java.lang.Object, java.lang.Object, java.lang.Object, java.lang.Object, java.lang.Object, int, java.lang.Object)'> (0x000000008cf692f0) 
thrown [s\src\hotspot\share\interpreter\linkResolver.cpp, line 784]
Event: 22.622 Thread 0x0000021cb58ee710 Exception <a 'java/lang/NoSuchMethodError'{0x000000008cf6d4e0}: 'java.lang.Object java.lang.invoke.DirectMethodHandle$Holder.invokeSpecial(java.lang.Object, java.lang.Object, java.lang.Object, java.lang.Object, java.lang.Object, java.lang.Object, int, java.lang.Object)'> (0x000000008cf6d4e0) 
thrown [s\src\hotspot\share\interpreter\linkResolver.cpp, line 784]
Event: 22.622 Thread 0x0000021cb58ee710 Exception <a 'java/lang/NoSuchMethodError'{0x000000008cf70c50}: 'java.lang.Object java.lang.invoke.Invokers$Holder.linkToTargetMethod(java.lang.Object, java.lang.Object, java.lang.Object, java.lang.Object, int, java.lang.Object, java.lang.Object)'> (0x000000008cf70c50) 
thrown [s\src\hotspot\share\interpreter\linkResolver.cpp, line 784]
Event: 22.660 Thread 0x0000021cb58ee710 Exception <a 'java/lang/NoSuchMethodError'{0x000000008ce42fb0}: 'java.lang.Object java.lang.invoke.DirectMethodHandle$Holder.invokeStatic(java.lang.Object, java.lang.Object, java.lang.Object, int, java.lang.Object, java.lang.Object, java.lang.Object, java.lang.Object)'> (0x000000008ce42fb0) 
thrown [s\src\hotspot\share\interpreter\linkResolver.cpp, line 784]
Event: 23.877 Thread 0x0000021cb58ee710 Exception <a 'java/lang/NoSuchMethodError'{0x000000008db3aca8}: 'java.lang.Object java.lang.invoke.DirectMethodHandle$Holder.newInvokeSpecial(java.lang.Object, int, int, java.lang.Object)'> (0x000000008db3aca8) 
thrown [s\src\hotspot\share\interpreter\linkResolver.cpp, line 784]
Event: 23.882 Thread 0x0000021cb58ee710 Exception <a 'java/lang/NoSuchMethodError'{0x000000008db4c150}: 'java.lang.Object java.lang.invoke.DirectMethodHandle$Holder.invokeStatic(java.lang.Object, java.lang.Object, int, int, java.lang.Object)'> (0x000000008db4c150) 
thrown [s\src\hotspot\share\interpreter\linkResolver.cpp, line 784]
Event: 23.899 Thread 0x0000021cb58ee710 Exception <a 'java/lang/NoSuchMethodError'{0x000000008dbd4bf0}: 'java.lang.Object java.lang.invoke.DirectMethodHandle$Holder.invokeStatic(java.lang.Object, java.lang.Object, java.lang.Object, java.lang.Object, java.lang.Object, int)'> (0x000000008dbd4bf0) 
thrown [s\src\hotspot\share\interpreter\linkResolver.cpp, line 784]

ZGC Phase Switch (0 events):
No events

VM Operations (20 events):
Event: 28.808 Executing VM operation: HandshakeAllThreads (Deoptimize)
Event: 28.808 Executing VM operation: HandshakeAllThreads (Deoptimize) done
Event: 28.854 Executing VM operation: ICBufferFull
Event: 28.854 Executing VM operation: ICBufferFull done
Event: 29.233 Executing VM operation: G1CollectForAllocation (G1 Evacuation Pause)
Event: 29.243 Executing VM operation: G1CollectForAllocation (G1 Evacuation Pause) done
Event: 29.425 Executing VM operation: HandshakeAllThreads (Deoptimize)
Event: 29.425 Executing VM operation: HandshakeAllThreads (Deoptimize) done
Event: 29.564 Executing VM operation: HandshakeAllThreads (Deoptimize)
Event: 29.564 Executing VM operation: HandshakeAllThreads (Deoptimize) done
Event: 29.672 Executing VM operation: ICBufferFull
Event: 29.672 Executing VM operation: ICBufferFull done
Event: 29.777 Executing VM operation: HandshakeAllThreads (Deoptimize)
Event: 29.777 Executing VM operation: HandshakeAllThreads (Deoptimize) done
Event: 29.936 Executing VM operation: G1CollectForAllocation (G1 Evacuation Pause)
Event: 29.944 Executing VM operation: G1CollectForAllocation (G1 Evacuation Pause) done
Event: 30.392 Executing VM operation: G1PauseRemark
Event: 30.418 Executing VM operation: G1PauseRemark done
Event: 30.646 Executing VM operation: G1PauseCleanup
Event: 30.646 Executing VM operation: G1PauseCleanup done

Memory protections (0 events):
No events

Nmethod flushes (20 events):
Event: 30.412 Thread 0x0000021cce9052c0 flushing  nmethod 0x0000021cbd7eab90
Event: 30.412 Thread 0x0000021cce9052c0 flushing  nmethod 0x0000021cbd7eb990
Event: 30.412 Thread 0x0000021cce9052c0 flushing  nmethod 0x0000021cbd7ed310
Event: 30.412 Thread 0x0000021cce9052c0 flushing  nmethod 0x0000021cbd8bbc10
Event: 30.412 Thread 0x0000021cce9052c0 flushing  nmethod 0x0000021cbd8c8590
Event: 30.412 Thread 0x0000021cce9052c0 flushing  nmethod 0x0000021cbd944410
Event: 30.412 Thread 0x0000021cce9052c0 flushing  nmethod 0x0000021cbd9b6090
Event: 30.412 Thread 0x0000021cce9052c0 flushing  nmethod 0x0000021cbd9bff10
Event: 30.412 Thread 0x0000021cce9052c0 flushing  nmethod 0x0000021cbd9c0990
Event: 30.412 Thread 0x0000021cce9052c0 flushing  nmethod 0x0000021cbd9f2590
Event: 30.412 Thread 0x0000021cce9052c0 flushing  nmethod 0x0000021cbda3f310
Event: 30.412 Thread 0x0000021cce9052c0 flushing  nmethod 0x0000021cbda42710
Event: 30.412 Thread 0x0000021cce9052c0 flushing  nmethod 0x0000021cbda48290
Event: 30.412 Thread 0x0000021cce9052c0 flushing  nmethod 0x0000021cbda49510
Event: 30.412 Thread 0x0000021cce9052c0 flushing  nmethod 0x0000021cbda89e90
Event: 30.412 Thread 0x0000021cce9052c0 flushing  nmethod 0x0000021cbda8b810
Event: 30.412 Thread 0x0000021cce9052c0 flushing  nmethod 0x0000021cbda8d190
Event: 30.412 Thread 0x0000021cce9052c0 flushing  nmethod 0x0000021cbda98d10
Event: 30.412 Thread 0x0000021cce9052c0 flushing  nmethod 0x0000021cbdade190
Event: 30.412 Thread 0x0000021cce9052c0 flushing  nmethod 0x0000021cbdb43d10

Events (20 events):
Event: 0.100 Thread 0x0000021cb58ee710 Thread added: 0x0000021cceaabcb0
Event: 0.100 Thread 0x0000021cb58ee710 Thread added: 0x0000021cceaac700
Event: 0.100 Thread 0x0000021cb58ee710 Thread added: 0x0000021cceaad760
Event: 0.101 Thread 0x0000021cb58ee710 Thread added: 0x0000021cceab6100
Event: 0.101 Thread 0x0000021cb58ee710 Thread added: 0x0000021ccead6fb0
Event: 0.156 Thread 0x0000021cb58ee710 Thread added: 0x0000021ccec78820
Event: 0.164 Thread 0x0000021cb58ee710 Thread added: 0x0000021ccec836c0
Event: 0.175 Loaded shared library D:\Program Files\android stu\jbr\bin\net.dll
Event: 0.179 Loaded shared library D:\Program Files\android stu\jbr\bin\nio.dll
Event: 0.211 Thread 0x0000021cceab6100 Thread added: 0x0000021ccecd8450
Event: 0.226 Loaded shared library D:\Program Files\android stu\jbr\bin\zip.dll
Event: 0.288 Loaded shared library D:\Program Files\android stu\jbr\bin\jimage.dll
Event: 0.943 Thread 0x0000021ccecd8450 Thread exited: 0x0000021ccecd8450
Event: 2.100 Thread 0x0000021ccead6fb0 Thread added: 0x0000021cd401af10
Event: 3.379 Thread 0x0000021cd401af10 Thread exited: 0x0000021cd401af10
Event: 3.806 Thread 0x0000021ccead6fb0 Thread added: 0x0000021cd62c6920
Event: 22.507 Thread 0x0000021cd62c6920 Thread exited: 0x0000021cd62c6920
Event: 23.074 Thread 0x0000021ccead6fb0 Thread added: 0x0000021cdb44c4b0
Event: 27.436 Thread 0x0000021cdb44c4b0 Thread exited: 0x0000021cdb44c4b0
Event: 28.268 Thread 0x0000021ccead6fb0 Thread added: 0x0000021cdb44a2a0


Dynamic libraries:
0x00007ff65d620000 - 0x00007ff65d62a000 	D:\Program Files\android stu\jbr\bin\java.exe
0x00007ff87a9d0000 - 0x00007ff87abc8000 	C:\Windows\SYSTEM32\ntdll.dll
0x00007ff879da0000 - 0x00007ff879e5d000 	C:\Windows\System32\KERNEL32.DLL
0x00007ff878090000 - 0x00007ff878386000 	C:\Windows\System32\KERNELBASE.dll
0x00007ff878870000 - 0x00007ff878970000 	C:\Windows\System32\ucrtbase.dll
0x00007ff866bf0000 - 0x00007ff866c0b000 	D:\Program Files\android stu\jbr\bin\VCRUNTIME140.dll
0x00007ff85ca40000 - 0x00007ff85ca58000 	D:\Program Files\android stu\jbr\bin\jli.dll
0x00007ff878a90000 - 0x00007ff878c2f000 	C:\Windows\System32\USER32.dll
0x00007ff8786f0000 - 0x00007ff878712000 	C:\Windows\System32\win32u.dll
0x00007ff85cc60000 - 0x00007ff85cefa000 	C:\Windows\WinSxS\amd64_microsoft.windows.common-controls_6595b64144ccf1df_6.0.19041.4355_none_60b8b9eb71f62e16\COMCTL32.dll
0x00007ff879f00000 - 0x00007ff879f2b000 	C:\Windows\System32\GDI32.dll
0x00007ff878440000 - 0x00007ff878557000 	C:\Windows\System32\gdi32full.dll
0x00007ff878970000 - 0x00007ff878a0d000 	C:\Windows\System32\msvcp_win.dll
0x00007ff879e60000 - 0x00007ff879efe000 	C:\Windows\System32\msvcrt.dll
0x00007ff878c90000 - 0x00007ff878cbf000 	C:\Windows\System32\IMM32.DLL
0x00007ff86d3d0000 - 0x00007ff86d3dc000 	D:\Program Files\android stu\jbr\bin\vcruntime140_1.dll
0x00007ff83a890000 - 0x00007ff83a91d000 	D:\Program Files\android stu\jbr\bin\msvcp140.dll
0x00007fffd9390000 - 0x00007fffda01b000 	D:\Program Files\android stu\jbr\bin\server\jvm.dll
0x00007ff878cc0000 - 0x00007ff878d70000 	C:\Windows\System32\ADVAPI32.dll
0x00007ff87a8f0000 - 0x00007ff87a990000 	C:\Windows\System32\sechost.dll
0x00007ff879290000 - 0x00007ff8793b3000 	C:\Windows\System32\RPCRT4.dll
0x00007ff878560000 - 0x00007ff878587000 	C:\Windows\System32\bcrypt.dll
0x00007ff87a880000 - 0x00007ff87a8eb000 	C:\Windows\System32\WS2_32.dll
0x00007ff877a90000 - 0x00007ff877adb000 	C:\Windows\SYSTEM32\POWRPROF.dll
0x00007ff86d4c0000 - 0x00007ff86d4ca000 	C:\Windows\SYSTEM32\VERSION.dll
0x00007ff860d10000 - 0x00007ff860d37000 	C:\Windows\SYSTEM32\WINMM.dll
0x00007ff877a70000 - 0x00007ff877a82000 	C:\Windows\SYSTEM32\UMPDC.dll
0x00007ff876840000 - 0x00007ff876852000 	C:\Windows\SYSTEM32\kernel.appcore.dll
0x00007ff866fe0000 - 0x00007ff866fea000 	D:\Program Files\android stu\jbr\bin\jimage.dll
0x00007ff876620000 - 0x00007ff876804000 	C:\Windows\SYSTEM32\DBGHELP.DLL
0x00007ff85ffb0000 - 0x00007ff85ffe4000 	C:\Windows\SYSTEM32\dbgcore.DLL
0x00007ff878720000 - 0x00007ff8787a2000 	C:\Windows\System32\bcryptPrimitives.dll
0x00007ff865c10000 - 0x00007ff865c30000 	D:\Program Files\android stu\jbr\bin\java.dll
0x00007ff8612a0000 - 0x00007ff8612b8000 	D:\Program Files\android stu\jbr\bin\zip.dll
0x00007ff879580000 - 0x00007ff879cec000 	C:\Windows\System32\SHELL32.dll
0x00007ff875db0000 - 0x00007ff87654d000 	C:\Windows\SYSTEM32\windows.storage.dll
0x00007ff87a200000 - 0x00007ff87a553000 	C:\Windows\System32\combase.dll
0x00007ff877900000 - 0x00007ff87792e000 	C:\Windows\SYSTEM32\Wldp.dll
0x00007ff87a790000 - 0x00007ff87a85d000 	C:\Windows\System32\OLEAUT32.dll
0x00007ff878d70000 - 0x00007ff878e1d000 	C:\Windows\System32\SHCORE.dll
0x00007ff87a6d0000 - 0x00007ff87a725000 	C:\Windows\System32\shlwapi.dll
0x00007ff877fc0000 - 0x00007ff877fe4000 	C:\Windows\SYSTEM32\profapi.dll
0x00007ff866b80000 - 0x00007ff866b90000 	D:\Program Files\android stu\jbr\bin\net.dll
0x00007ff86f0d0000 - 0x00007ff86f1da000 	C:\Windows\SYSTEM32\WINHTTP.dll
0x00007ff8776e0000 - 0x00007ff87774a000 	C:\Windows\system32\mswsock.dll
0x00007ff85cc30000 - 0x00007ff85cc46000 	D:\Program Files\android stu\jbr\bin\nio.dll
0x00007ff852ba0000 - 0x00007ff852bb0000 	D:\Program Files\android stu\jbr\bin\verify.dll

dbghelp: loaded successfully - version: 4.0.5 - missing functions: none
symbol engine: initialized successfully - sym options: 0x614 - pdb path: .;D:\Program Files\android stu\jbr\bin;C:\Windows\SYSTEM32;C:\Windows\WinSxS\amd64_microsoft.windows.common-controls_6595b64144ccf1df_6.0.19041.4355_none_60b8b9eb71f62e16;D:\Program Files\android stu\jbr\bin\server

VM Arguments:
java_command: org.jetbrains.kotlin.cli.jvm.K2JVMCompiler @D:\NjWIFIConnect\app\build\20250616_18382720216817534223.compiler.options
java_class_path (initial): C:\Users\User\.gradle\caches\modules-2\files-2.1\org.jetbrains.kotlin\kotlin-compiler-embeddable\2.0.21\79346ed53db48b18312a472602eb5c057070c54d\kotlin-compiler-embeddable-2.0.21.jar;C:\Users\User\.gradle\caches\modules-2\files-2.1\org.jetbrains.kotlin\kotlin-stdlib\2.0.21\618b539767b4899b4660a83006e052b63f1db551\kotlin-stdlib-2.0.21.jar;C:\Users\User\.gradle\caches\modules-2\files-2.1\org.jetbrains.kotlin\kotlin-script-runtime\2.0.21\c9b044380ad41f89aa89aa896c2d32a8c0b2129d\kotlin-script-runtime-2.0.21.jar;C:\Users\User\.gradle\caches\modules-2\files-2.1\org.jetbrains.kotlin\kotlin-reflect\1.6.10\1cbe9c92c12a94eea200d23c2bbaedaf3daf5132\kotlin-reflect-1.6.10.jar;C:\Users\User\.gradle\caches\modules-2\files-2.1\org.jetbrains.kotlin\kotlin-daemon-embeddable\2.0.21\c9e933b23287de9b5a17e2116b4657bb91aea72c\kotlin-daemon-embeddable-2.0.21.jar;C:\Users\User\.gradle\caches\modules-2\files-2.1\org.jetbrains.intellij.deps\trove4j\1.0.20200330\3afb14d5f9ceb459d724e907a21145e8ff394f02\trove4j-1.0.20200330.jar;C:\Users\User\.gradle\caches\modules-2\files-2.1\org.jetbrains.kotlinx\kotlinx-coroutines-core-jvm\1.6.4\2c997cd1c0ef33f3e751d3831929aeff1390cb30\kotlinx-coroutines-core-jvm-1.6.4.jar;C:\Users\User\.gradle\caches\modules-2\files-2.1\org.jetbrains\annotations\13.0\919f0dfe192fb4e063e7dacadee7f8bb9a2672a9\annotations-13.0.jar
Launcher Type: SUN_STANDARD

[Global flags]
     intx CICompilerCount                          = 3                                         {product} {ergonomic}
     uint ConcGCThreads                            = 1                                         {product} {ergonomic}
     uint G1ConcRefinementThreads                  = 4                                         {product} {ergonomic}
   size_t G1HeapRegionSize                         = 1048576                                   {product} {ergonomic}
    uintx GCDrainStackTargetSize                   = 64                                        {product} {ergonomic}
   size_t InitialHeapSize                          = 134217728                                 {product} {ergonomic}
   size_t MarkStackSize                            = 4194304                                   {product} {ergonomic}
   size_t MaxHeapSize                              = 2116026368                                {product} {ergonomic}
   size_t MaxNewSize                               = 1268776960                                {product} {ergonomic}
   size_t MinHeapDeltaBytes                        = 1048576                                   {product} {ergonomic}
   size_t MinHeapSize                              = 8388608                                   {product} {ergonomic}
    uintx NonNMethodCodeHeapSize                   = 5832780                                {pd product} {ergonomic}
    uintx NonProfiledCodeHeapSize                  = 122912730                              {pd product} {ergonomic}
    uintx ProfiledCodeHeapSize                     = 122912730                              {pd product} {ergonomic}
    uintx ReservedCodeCacheSize                    = 251658240                              {pd product} {ergonomic}
     bool SegmentedCodeCache                       = true                                      {product} {ergonomic}
   size_t SoftMaxHeapSize                          = 2116026368                             {manageable} {ergonomic}
     bool UseCompressedOops                        = true                           {product lp64_product} {ergonomic}
     bool UseG1GC                                  = true                                      {product} {ergonomic}
     bool UseLargePagesIndividualAllocation        = false                                  {pd product} {ergonomic}

Logging:
Log output configuration:
 #0: stdout all=warning uptime,level,tags foldmultilines=false
 #1: stderr all=off uptime,level,tags foldmultilines=false

Environment Variables:
PATH=C:\Windows\system32;C:\Windows;C:\Windows\System32\Wbem;C:\Windows\System32\WindowsPowerShell\v1.0\;C:\Program Files (x86);C:\Program Files (x86)\Windows Kits\10\Windows Performance Toolkit\;C:\Program Files\Git\cmd;C:\Users\User\AppData\Local\Programs\Python\Launcher\;C:\Users\User\AppData\Local\Microsoft\WindowsApps;C:\Users\User\AppData\Local\Programs\Microsoft VS Code Insiders\bin;C:\Users\User\AppData\Local\Programs\Microsoft VS Code\bin;C:\Users\User\Desktop\jdk-23\bin;C:\Program Files\Java\jdk-23\bin;D:\FlutterDev\flutter\bin;D:\Program Files\PyCharm 2025.1.1.1\bin;;C:\Users\User\AppData\Local\GitHubDesktop\bin;C:\ProgramData\User\GitHubDesktop\bin;C:\Users\User\Desktop\IntelliJ IDEA Community Edition 2024.3.5\bin;;D:\Program Files\flutter\bin;;D:\Program Files\PyCharm Community Edition 2024.2.4\bin;
USERNAME=User
OS=Windows_NT
PROCESSOR_IDENTIFIER=Intel64 Family 6 Model 142 Stepping 9, GenuineIntel
TMP=C:\Users\User\AppData\Local\Temp
TEMP=C:\Users\User\AppData\Local\Temp




Periodic native trim disabled

JNI global refs:
JNI global refs: 11, weak refs: 0

JNI global refs memory usage: 835, weak refs: 833

Process memory usage:
Resident Set Size: 514704K (6% of 8260824K total physical memory with 406412K free physical memory)

OOME stack traces (most recent first):
Classloader memory used:
Loader jdk.internal.loader.ClassLoaders$AppClassLoader                                 : 81317K
Loader bootstrap                                                                       : 11750K
Loader java.net.URLClassLoader                                                         : 3679K

---------------  S Y S T E M  ---------------

OS:
 Windows 10 , 64 bit Build 19041 (10.0.19041.3636)
OS uptime: 0 days 4:53 hours
Hyper-V role detected

CPU: total 4 (initial active 4) (2 cores per cpu, 2 threads per core) family 6 model 142 stepping 9 microcode 0xf6, cx8, cmov, fxsr, ht, mmx, 3dnowpref, sse, sse2, sse3, ssse3, sse4.1, sse4.2, popcnt, lzcnt, tsc, tscinvbit, avx, avx2, aes, erms, clmul, bmi1, bmi2, adx, fma, vzeroupper, clflush, clflushopt, hv, rdtscp, f16c
Processor Information for the first 4 processors :
  Max Mhz: 2712, Current Mhz: 2511, Mhz Limit: 2495

Memory: 4k page, system-wide physical 8067M (390M free)
TotalPageFile size 18471M (AvailPageFile size 0M)
current process WorkingSet (physical memory assigned to process): 504M, peak: 509M
current process commit charge ("private bytes"): 531M, peak: 538M

vm_info: OpenJDK 64-Bit Server VM (21.0.6+-13368085-b895.109) for windows-amd64 JRE (21.0.6+-13368085-b895.109), built on 2025-04-16T17:01:31Z by "builder" with MS VC++ 16.10 / 16.11 (VS2019)

END.
